Arguments: 
  /usr/local/bin/node /usr/local/Cellar/yarn/1.22.10/libexec/bin/yarn.js install

PATH: 
  /Users/johneric.pangan/.pyenv/bin:/Users/johneric.pangan/.pyenv/bin:/Users/johneric.pangan/.pyenv/bin:/usr/local/bin:/usr/bin:/bin:/usr/sbin:/sbin:/usr/local/sbin:/Library/Apple/usr/bin:/Users/johneric.pangan/.rvm/bin:/Users/johneric.pangan/Library/Python/2.7/bin:/Users/johneric.pangan/.pyenv/bin:/Users/johneric.pangan/Library/Android/sdk/emulator:/Users/johneric.pangan/Library/Android/sdk/tools:/Users/johneric.pangan/Library/Android/sdk/tools/bin:/Users/johneric.pangan/Library/Android/sdk/platform-tools:/Users/johneric.pangan/.rvm/bin:/Users/johneric.pangan/Library/Python/2.7/bin:/Users/johneric.pangan/.pyenv/bin:/Users/johneric.pangan/Library/Android/sdk/emulator:/Users/johneric.pangan/Library/Android/sdk/tools:/Users/johneric.pangan/Library/Android/sdk/tools/bin:/Users/johneric.pangan/Library/Android/sdk/platform-tools:/Users/johneric.pangan/.rvm/bin:/Users/johneric.pangan/Library/Python/2.7/bin:/Users/johneric.pangan/.npm-global/bin:/Users/johneric.pangan/.pyenv/bin:/Users/johneric.pangan/Library/Android/sdk/emulator:/Users/johneric.pangan/Library/Android/sdk/tools:/Users/johneric.pangan/Library/Android/sdk/tools/bin:/Users/johneric.pangan/Library/Android/sdk/platform-tools

Yarn version: 
  1.22.10

Node version: 
  14.15.1

Platform: 
  darwin x64

Trace: 
  Error: connect ENETUNREACH 140.82.121.4:443 - Local (0.0.0.0:55137)
      at internalConnect (net.js:921:16)
      at defaultTriggerAsyncIdScope (internal/async_hooks.js:429:12)
      at emitLookup (net.js:1064:9)
      at /usr/local/Cellar/yarn/1.22.10/libexec/lib/cli.js:107524:28
      at /usr/local/Cellar/yarn/1.22.10/libexec/lib/cli.js:107433:13
      at RawTask.module.exports.RawTask.call (/usr/local/Cellar/yarn/1.22.10/libexec/lib/cli.js:83614:19)
      at flush (/usr/local/Cellar/yarn/1.22.10/libexec/lib/cli.js:83696:29)
      at processTicksAndRejections (internal/process/task_queues.js:75:11)

npm manifest: 
  {
    "main": "node_modules/expo/AppEntry.js",
    "scripts": {
      "start": "expo start",
      "android": "expo start --android",
      "ios": "expo start --ios",
      "web": "expo start --web",
      "eject": "expo eject"
    },
    "dependencies": {
      "expo": "~40.0.0",
      "expo-status-bar": "~1.0.3",
      "react": "16.13.1",
      "react-dom": "16.13.1",
      "react-native": "https://github.com/expo/react-native/archive/sdk-40.0.1.tar.gz",
      "react-native-web": "~0.13.12"
    },
    "devDependencies": {
      "@babel/core": "~7.9.0",
      "@types/react": "~16.9.35",
      "@types/react-dom": "~16.9.8",
      "@types/react-native": "~0.63.2",
      "typescript": "~4.0.0"
    },
    "private": true
  }

yarn manifest: 
  No manifest

Lockfile: 
  No lockfile
